# JRE version: Java(TM) SE Runtime Environment (8.0_60-b27) (build 1.8.0_60-b27)
# Java VM: Java HotSpot(TM) 64-Bit Server VM (25.60-b23 mixed mode bsd-amd64 compressed oops)
Heap:
 PSYoungGen      total 52224K, used 36065K [0x00000007aab00000, 0x00000007af180000, 0x00000007c0000000)
  eden space 51712K, 69% used [0x00000007aab00000,0x00000007ace28680,0x00000007add80000)
  from space 512K, 12% used [0x00000007adf80000,0x00000007adf90000,0x00000007ae000000)
  to   space 10240K, 0% used [0x00000007ae780000,0x00000007ae780000,0x00000007af180000)
 ParOldGen       total 44032K, used 20114K [0x0000000780000000, 0x0000000782b00000, 0x00000007aab00000)
  object space 44032K, 45% used [0x0000000780000000,0x00000007813a4a18,0x0000000782b00000)
 Metaspace       used 19095K, capacity 19271K, committed 19328K, reserved 1067008K
  class space    used 1868K, capacity 1918K, committed 1920K, reserved 1048576K
GC Heap History (10 events):
Event: 16.426 GC heap before
{Heap before GC invocations=7 (full 0):
 PSYoungGen      total 27136K, used 21224K [0x00000007aab00000, 0x00000007ade00000, 0x00000007c0000000)
  eden space 16896K, 100% used [0x00000007aab00000,0x00000007abb80000,0x00000007abb80000)
  from space 10240K, 42% used [0x00000007ac500000,0x00000007ac93a1f8,0x00000007acf00000)
  to   space 9728K, 0% used [0x00000007abb80000,0x00000007abb80000,0x00000007ac500000)
 ParOldGen       total 44032K, used 10841K [0x0000000780000000, 0x0000000782b00000, 0x00000007aab00000)
  object space 44032K, 24% used [0x0000000780000000,0x0000000780a964f8,0x0000000782b00000)
 Metaspace       used 18625K, capacity 18817K, committed 19072K, reserved 1067008K
  class space    used 1858K, capacity 1917K, committed 1920K, reserved 1048576K
Event: 16.435 GC heap after
Heap after GC invocations=7 (full 0):
 PSYoungGen      total 26624K, used 5922K [0x00000007aab00000, 0x00000007adf00000, 0x00000007c0000000)
  eden space 16896K, 0% used [0x00000007aab00000,0x00000007aab00000,0x00000007abb80000)
  from space 9728K, 60% used [0x00000007abb80000,0x00000007ac1488a0,0x00000007ac500000)
  to   space 9728K, 0% used [0x00000007ad580000,0x00000007ad580000,0x00000007adf00000)
 ParOldGen       total 44032K, used 12381K [0x0000000780000000, 0x0000000782b00000, 0x00000007aab00000)
  object space 44032K, 28% used [0x0000000780000000,0x0000000780c17710,0x0000000782b00000)
 Metaspace       used 18625K, capacity 18817K, committed 19072K, reserved 1067008K
  class space    used 1858K, capacity 1917K, committed 1920K, reserved 1048576K
}
Event: 16.742 GC heap before
{Heap before GC invocations=8 (full 0):
 PSYoungGen      total 26624K, used 22818K [0x00000007aab00000, 0x00000007adf00000, 0x00000007c0000000)
  eden space 16896K, 100% used [0x00000007aab00000,0x00000007abb80000,0x00000007abb80000)
  from space 9728K, 60% used [0x00000007abb80000,0x00000007ac1488a0,0x00000007ac500000)
  to   space 9728K, 0% used [0x00000007ad580000,0x00000007ad580000,0x00000007adf00000)
 ParOldGen       total 44032K, used 12676K [0x0000000780000000, 0x0000000782b00000, 0x00000007aab00000)
  object space 44032K, 28% used [0x0000000780000000,0x0000000780c61100,0x0000000782b00000)
 Metaspace       used 18718K, capacity 18881K, committed 19072K, reserved 1067008K
  class space    used 1858K, capacity 1917K, committed 1920K, reserved 1048576K
Event: 16.752 GC heap after
Heap after GC invocations=8 (full 0):
 PSYoungGen      total 43520K, used 6480K [0x00000007aab00000, 0x00000007adf00000, 0x00000007c0000000)
  eden space 33792K, 0% used [0x00000007aab00000,0x00000007aab00000,0x00000007acc00000)
  from space 9728K, 66% used [0x00000007ad580000,0x00000007adbd41b0,0x00000007adf00000)
  to   space 9728K, 0% used [0x00000007acc00000,0x00000007acc00000,0x00000007ad580000)
 ParOldGen       total 44032K, used 13641K [0x0000000780000000, 0x0000000782b00000, 0x00000007aab00000)
  object space 44032K, 30% used [0x0000000780000000,0x0000000780d527d8,0x0000000782b00000)
 Metaspace       used 18718K, capacity 18881K, committed 19072K, reserved 1067008K
  class space    used 1858K, capacity 1917K, committed 1920K, reserved 1048576K
}
Event: 25.960 GC heap before
{Heap before GC invocations=9 (full 0):
 PSYoungGen      total 43520K, used 40272K [0x00000007aab00000, 0x00000007adf00000, 0x00000007c0000000)
  eden space 33792K, 100% used [0x00000007aab00000,0x00000007acc00000,0x00000007acc00000)
  from space 9728K, 66% used [0x00000007ad580000,0x00000007adbd41b0,0x00000007adf00000)
  to   space 9728K, 0% used [0x00000007acc00000,0x00000007acc00000,0x00000007ad580000)
 ParOldGen       total 44032K, used 13641K [0x0000000780000000, 0x0000000782b00000, 0x00000007aab00000)
  object space 44032K, 30% used [0x0000000780000000,0x0000000780d527d8,0x0000000782b00000)
 Metaspace       used 19061K, capacity 19271K, committed 19328K, reserved 1067008K
  class space    used 1861K, capacity 1918K, committed 1920K, reserved 1048576K
Event: 25.968 GC heap after
Heap after GC invocations=9 (full 0):
 PSYoungGen      total 43520K, used 5536K [0x00000007aab00000, 0x00000007af200000, 0x00000007c0000000)
  eden space 33792K, 0% used [0x00000007aab00000,0x00000007aab00000,0x00000007acc00000)
  from space 9728K, 56% used [0x00000007acc00000,0x00000007ad168150,0x00000007ad580000)
  to   space 9216K, 0% used [0x00000007ae900000,0x00000007ae900000,0x00000007af200000)
 ParOldGen       total 44032K, used 14610K [0x0000000780000000, 0x0000000782b00000, 0x00000007aab00000)
  object space 44032K, 33% used [0x0000000780000000,0x0000000780e448c8,0x0000000782b00000)
 Metaspace       used 19061K, capacity 19271K, committed 19328K, reserved 1067008K
  class space    used 1861K, capacity 1918K, committed 1920K, reserved 1048576K
}
Event: 36.052 GC heap before
{Heap before GC invocations=10 (full 0):
 PSYoungGen      total 43520K, used 39328K [0x00000007aab00000, 0x00000007af200000, 0x00000007c0000000)
  eden space 33792K, 100% used [0x00000007aab00000,0x00000007acc00000,0x00000007acc00000)
  from space 9728K, 56% used [0x00000007acc00000,0x00000007ad168150,0x00000007ad580000)
  to   space 9216K, 0% used [0x00000007ae900000,0x00000007ae900000,0x00000007af200000)
 ParOldGen       total 44032K, used 14610K [0x0000000780000000, 0x0000000782b00000, 0x00000007aab00000)
  object space 44032K, 33% used [0x0000000780000000,0x0000000780e448c8,0x0000000782b00000)
 Metaspace       used 19062K, capacity 19271K, committed 19328K, reserved 1067008K
  class space    used 1861K, capacity 1918K, committed 1920K, reserved 1048576K
Event: 36.057 GC heap after
Heap after GC invocations=10 (full 0):
 PSYoungGen      total 62976K, used 416K [0x00000007aab00000, 0x00000007af300000, 0x00000007c0000000)
  eden space 53760K, 0% used [0x00000007aab00000,0x00000007aab00000,0x00000007adf80000)
  from space 9216K, 4% used [0x00000007ae900000,0x00000007ae968010,0x00000007af200000)
  to   space 9728K, 0% used [0x00000007adf80000,0x00000007adf80000,0x00000007ae900000)
 ParOldGen       total 44032K, used 19786K [0x0000000780000000, 0x0000000782b00000, 0x00000007aab00000)
  object space 44032K, 44% used [0x0000000780000000,0x0000000781352a08,0x0000000782b00000)
 Metaspace       used 19062K, capacity 19271K, committed 19328K, reserved 1067008K
  class space    used 1861K, capacity 1918K, committed 1920K, reserved 1048576K
}
Event: 52.507 GC heap before
{Heap before GC invocations=11 (full 0):
 PSYoungGen      total 62976K, used 54176K [0x00000007aab00000, 0x00000007af300000, 0x00000007c0000000)
  eden space 53760K, 100% used [0x00000007aab00000,0x00000007adf80000,0x00000007adf80000)
  from space 9216K, 4% used [0x00000007ae900000,0x00000007ae968010,0x00000007af200000)
  to   space 9728K, 0% used [0x00000007adf80000,0x00000007adf80000,0x00000007ae900000)
 ParOldGen       total 44032K, used 19786K [0x0000000780000000, 0x0000000782b00000, 0x00000007aab00000)
  object space 44032K, 44% used [0x0000000780000000,0x0000000781352a08,0x0000000782b00000)
 Metaspace       used 19062K, capacity 19271K, committed 19328K, reserved 1067008K
  class space    used 1861K, capacity 1918K, committed 1920K, reserved 1048576K
Event: 52.509 GC heap after
Heap after GC invocations=11 (full 0):
 PSYoungGen      total 52224K, used 64K [0x00000007aab00000, 0x00000007af180000, 0x00000007c0000000)
  eden space 51712K, 0% used [0x00000007aab00000,0x00000007aab00000,0x00000007add80000)
  from space 512K, 12% used [0x00000007adf80000,0x00000007adf90000,0x00000007ae000000)
  to   space 10240K, 0% used [0x00000007ae780000,0x00000007ae780000,0x00000007af180000)
 ParOldGen       total 44032K, used 20114K [0x0000000780000000, 0x0000000782b00000, 0x00000007aab00000)
  object space 44032K, 45% used [0x0000000780000000,0x00000007813a4a18,0x0000000782b00000)
 Metaspace       used 19062K, capacity 19271K, committed 19328K, reserved 1067008K
  class space    used 1861K, capacity 1918K, committed 1920K, reserved 1048576K
}

