# JRE version: Java(TM) SE Runtime Environment (8.0_60-b27) (build 1.8.0_60-b27)
# Java VM: Java HotSpot(TM) 64-Bit Server VM (25.60-b23 mixed mode bsd-amd64 compressed oops)
Heap:
 PSYoungGen      total 141824K, used 62346K [0x00000007aab00000, 0x00000007b8a00000, 0x00000007c0000000)
  eden space 121856K, 39% used [0x00000007aab00000,0x00000007ad990be8,0x00000007b2200000)
  from space 19968K, 73% used [0x00000007b2200000,0x00000007b3051c20,0x00000007b3580000)
  to   space 30208K, 0% used [0x00000007b6c80000,0x00000007b6c80000,0x00000007b8a00000)
 ParOldGen       total 121856K, used 78310K [0x0000000780000000, 0x0000000787700000, 0x00000007aab00000)
  object space 121856K, 64% used [0x0000000780000000,0x0000000784c79a80,0x0000000787700000)
 Metaspace       used 19387K, capacity 19651K, committed 19968K, reserved 1067008K
  class space    used 1884K, capacity 1982K, committed 2048K, reserved 1048576K
GC Heap History (10 events):
Event: 10.969 GC heap before
{Heap before GC invocations=7 (full 0):
 PSYoungGen      total 76288K, used 76178K [0x00000007aab00000, 0x00000007b0800000, 0x00000007c0000000)
  eden space 63488K, 100% used [0x00000007aab00000,0x00000007ae900000,0x00000007ae900000)
  from space 12800K, 99% used [0x00000007af780000,0x00000007b03e49d0,0x00000007b0400000)
  to   space 14848K, 0% used [0x00000007ae900000,0x00000007ae900000,0x00000007af780000)
 ParOldGen       total 44032K, used 26199K [0x0000000780000000, 0x0000000782b00000, 0x00000007aab00000)
  object space 44032K, 59% used [0x0000000780000000,0x0000000781995fb0,0x0000000782b00000)
 Metaspace       used 19006K, capacity 19235K, committed 19456K, reserved 1067008K
  class space    used 1874K, capacity 1950K, committed 2048K, reserved 1048576K
Event: 11.029 GC heap after
Heap after GC invocations=7 (full 0):
 PSYoungGen      total 78336K, used 14674K [0x00000007aab00000, 0x00000007b4900000, 0x00000007c0000000)
  eden space 63488K, 0% used [0x00000007aab00000,0x00000007aab00000,0x00000007ae900000)
  from space 14848K, 98% used [0x00000007ae900000,0x00000007af754aa0,0x00000007af780000)
  to   space 17408K, 0% used [0x00000007b3800000,0x00000007b3800000,0x00000007b4900000)
 ParOldGen       total 44032K, used 40352K [0x0000000780000000, 0x0000000782b00000, 0x00000007aab00000)
  object space 44032K, 91% used [0x0000000780000000,0x0000000782768240,0x0000000782b00000)
 Metaspace       used 19006K, capacity 19235K, committed 19456K, reserved 1067008K
  class space    used 1874K, capacity 1950K, committed 2048K, reserved 1048576K
}
Event: 11.029 GC heap before
{Heap before GC invocations=8 (full 1):
 PSYoungGen      total 78336K, used 14674K [0x00000007aab00000, 0x00000007b4900000, 0x00000007c0000000)
  eden space 63488K, 0% used [0x00000007aab00000,0x00000007aab00000,0x00000007ae900000)
  from space 14848K, 98% used [0x00000007ae900000,0x00000007af754aa0,0x00000007af780000)
  to   space 17408K, 0% used [0x00000007b3800000,0x00000007b3800000,0x00000007b4900000)
 ParOldGen       total 44032K, used 40352K [0x0000000780000000, 0x0000000782b00000, 0x00000007aab00000)
  object space 44032K, 91% used [0x0000000780000000,0x0000000782768240,0x0000000782b00000)
 Metaspace       used 19006K, capacity 19235K, committed 19456K, reserved 1067008K
  class space    used 1874K, capacity 1950K, committed 2048K, reserved 1048576K
Event: 11.128 GC heap after
Heap after GC invocations=8 (full 1):
 PSYoungGen      total 78336K, used 8458K [0x00000007aab00000, 0x00000007b4900000, 0x00000007c0000000)
  eden space 63488K, 0% used [0x00000007aab00000,0x00000007aab00000,0x00000007ae900000)
  from space 14848K, 56% used [0x00000007ae900000,0x00000007af142b68,0x00000007af780000)
  to   space 17408K, 0% used [0x00000007b3800000,0x00000007b3800000,0x00000007b4900000)
 ParOldGen       total 78336K, used 43653K [0x0000000780000000, 0x0000000784c80000, 0x00000007aab00000)
  object space 78336K, 55% used [0x0000000780000000,0x0000000782aa1510,0x0000000784c80000)
 Metaspace       used 19006K, capacity 19235K, committed 19456K, reserved 1067008K
  class space    used 1874K, capacity 1950K, committed 2048K, reserved 1048576K
}
Event: 11.802 GC heap before
{Heap before GC invocations=9 (full 1):
 PSYoungGen      total 78336K, used 71946K [0x00000007aab00000, 0x00000007b4900000, 0x00000007c0000000)
  eden space 63488K, 100% used [0x00000007aab00000,0x00000007ae900000,0x00000007ae900000)
  from space 14848K, 56% used [0x00000007ae900000,0x00000007af142b68,0x00000007af780000)
  to   space 17408K, 0% used [0x00000007b3800000,0x00000007b3800000,0x00000007b4900000)
 ParOldGen       total 78336K, used 43653K [0x0000000780000000, 0x0000000784c80000, 0x00000007aab00000)
  object space 78336K, 55% used [0x0000000780000000,0x0000000782aa1510,0x0000000784c80000)
 Metaspace       used 19044K, capacity 19235K, committed 19456K, reserved 1067008K
  class space    used 1874K, capacity 1950K, committed 2048K, reserved 1048576K
Event: 11.852 GC heap after
Heap after GC invocations=9 (full 1):
 PSYoungGen      total 132608K, used 17345K [0x00000007aab00000, 0x00000007b4900000, 0x00000007c0000000)
  eden space 115200K, 0% used [0x00000007aab00000,0x00000007aab00000,0x00000007b1b80000)
  from space 17408K, 99% used [0x00000007b3800000,0x00000007b48f0430,0x00000007b4900000)
  to   space 19968K, 0% used [0x00000007b2200000,0x00000007b2200000,0x00000007b3580000)
 ParOldGen       total 78336K, used 54413K [0x0000000780000000, 0x0000000784c80000, 0x00000007aab00000)
  object space 78336K, 69% used [0x0000000780000000,0x00000007835237b0,0x0000000784c80000)
 Metaspace       used 19044K, capacity 19235K, committed 19456K, reserved 1067008K
  class space    used 1874K, capacity 1950K, committed 2048K, reserved 1048576K
}
Event: 55.633 GC heap before
{Heap before GC invocations=10 (full 1):
 PSYoungGen      total 132608K, used 132545K [0x00000007aab00000, 0x00000007b4900000, 0x00000007c0000000)
  eden space 115200K, 100% used [0x00000007aab00000,0x00000007b1b80000,0x00000007b1b80000)
  from space 17408K, 99% used [0x00000007b3800000,0x00000007b48f0430,0x00000007b4900000)
  to   space 19968K, 0% used [0x00000007b2200000,0x00000007b2200000,0x00000007b3580000)
 ParOldGen       total 78336K, used 54413K [0x0000000780000000, 0x0000000784c80000, 0x00000007aab00000)
  object space 78336K, 69% used [0x0000000780000000,0x00000007835237b0,0x0000000784c80000)
 Metaspace       used 19330K, capacity 19491K, committed 19712K, reserved 1067008K
  class space    used 1875K, capacity 1950K, committed 2048K, reserved 1048576K
Event: 55.671 GC heap after
Heap after GC invocations=10 (full 1):
 PSYoungGen      total 141824K, used 19937K [0x00000007aab00000, 0x00000007b8a00000, 0x00000007c0000000)
  eden space 121856K, 0% used [0x00000007aab00000,0x00000007aab00000,0x00000007b2200000)
  from space 19968K, 99% used [0x00000007b2200000,0x00000007b35784d0,0x00000007b3580000)
  to   space 30208K, 0% used [0x00000007b6c80000,0x00000007b6c80000,0x00000007b8a00000)
 ParOldGen       total 78336K, used 73135K [0x0000000780000000, 0x0000000784c80000, 0x00000007aab00000)
  object space 78336K, 93% used [0x0000000780000000,0x000000078476bc40,0x0000000784c80000)
 Metaspace       used 19330K, capacity 19491K, committed 19712K, reserved 1067008K
  class space    used 1875K, capacity 1950K, committed 2048K, reserved 1048576K
}
Event: 55.671 GC heap before
{Heap before GC invocations=11 (full 2):
 PSYoungGen      total 141824K, used 19937K [0x00000007aab00000, 0x00000007b8a00000, 0x00000007c0000000)
  eden space 121856K, 0% used [0x00000007aab00000,0x00000007aab00000,0x00000007b2200000)
  from space 19968K, 99% used [0x00000007b2200000,0x00000007b35784d0,0x00000007b3580000)
  to   space 30208K, 0% used [0x00000007b6c80000,0x00000007b6c80000,0x00000007b8a00000)
 ParOldGen       total 78336K, used 73135K [0x0000000780000000, 0x0000000784c80000, 0x00000007aab00000)
  object space 78336K, 93% used [0x0000000780000000,0x000000078476bc40,0x0000000784c80000)
 Metaspace       used 19330K, capacity 19491K, committed 19712K, reserved 1067008K
  class space    used 1875K, capacity 1950K, committed 2048K, reserved 1048576K
Event: 55.766 GC heap after
Heap after GC invocations=11 (full 2):
 PSYoungGen      total 141824K, used 14663K [0x00000007aab00000, 0x00000007b8a00000, 0x00000007c0000000)
  eden space 121856K, 0% used [0x00000007aab00000,0x00000007aab00000,0x00000007b2200000)
  from space 19968K, 73% used [0x00000007b2200000,0x00000007b3051c20,0x00000007b3580000)
  to   space 30208K, 0% used [0x00000007b6c80000,0x00000007b6c80000,0x00000007b8a00000)
 ParOldGen       total 121856K, used 78310K [0x0000000780000000, 0x0000000787700000, 0x00000007aab00000)
  object space 121856K, 64% used [0x0000000780000000,0x0000000784c79a80,0x0000000787700000)
 Metaspace       used 19330K, capacity 19491K, committed 19712K, reserved 1067008K
  class space    used 1875K, capacity 1950K, committed 2048K, reserved 1048576K
}

